[2016-04-08 22:57:25] START
[2016-04-08 23:06:06] EDIT ImageJournal/models/db.py: -23
[2016-04-08 23:25:55] EDIT ImageJournal/models/db.py: 11
[2016-04-08 23:31:11] EDIT ImageJournal/models/db.py: 8
[2016-04-08 23:34:02] EDIT ImageJournal/models/db.py: 3
[2016-04-08 23:37:12] EDIT ImageJournal/models/db.py: 5
[2016-04-08 23:41:34] EDIT ImageJournal/models/db.py: 6
[2016-04-08 23:43:45] EDIT ImageJournal/models/db.py: 4
[2016-04-08 23:43:46] EDIT ImageJournal/models/db.py: 0
[2016-04-08 23:43:46] EDIT ImageJournal/models/db.py: 0
[2016-04-08 23:49:04] EDIT ImageJournal/controllers/default.py: -4
[2016-04-08 23:51:18] EDIT ImageJournal/models/db.py: -1
[2016-04-08 23:52:06] EDIT ImageJournal/models/db.py: 1
[2016-04-08 23:52:06] EDIT ImageJournal/models/db.py: 0
[2016-04-08 23:53:18] EDIT ImageJournal/models/db.py: 0
[2016-04-08 23:53:18] EDIT ImageJournal/models/db.py: 0
[2016-04-08 23:56:01] EDIT ImageJournal/views/default/index.html: -48
[2016-04-08 23:56:01] EDIT ImageJournal/views/default/index.html: 0
[2016-04-08 23:56:37] EDIT ImageJournal/models/menu.py: -5
[2016-04-08 23:57:39] EDIT ImageJournal/controllers/default.py: 1
[2016-04-08 23:57:39] EDIT ImageJournal/controllers/default.py: 0
[2016-04-08 23:58:26] EDIT ImageJournal/controllers/default.py: 0
[2016-04-09 00:00:02] EDIT ImageJournal/controllers/default.py: -3
[2016-04-09 00:07:34] EDIT ImageJournal/models/menu.py: -1
[2016-04-09 00:08:42] EDIT ImageJournal/controllers/default.py: 4
[2016-04-09 00:09:26] EDIT ImageJournal/models/menu.py: 0
[2016-04-09 00:11:57] EDIT ImageJournal/views/layout.html: 0
[2016-04-09 00:11:58] EDIT ImageJournal/views/layout.html: 0
[2016-04-09 00:14:56] EDIT ImageJournal/views/layout.html: 0
[2016-04-09 00:15:18] EDIT ImageJournal/views/layout.html: 0
[2016-04-09 00:15:18] EDIT ImageJournal/views/layout.html: 0
[2016-04-09 01:03:46] EDIT ImageJournal/views/layout.html: -3
[2016-04-09 01:03:46] EDIT ImageJournal/views/layout.html: 0
[2016-04-09 01:03:58] EDIT ImageJournal/views/layout.html: 3
[2016-04-09 01:03:58] EDIT ImageJournal/views/layout.html: 0
[2016-04-09 01:05:57] CREATE homepage.html: 0
[2016-04-09 01:06:03] EDIT ImageJournal/views/homepage.html: -2
[2016-04-09 01:06:03] EDIT ImageJournal/views/homepage.html: 0
[2016-04-09 01:06:42] DELETE ImageJournal/views/homepage.html: -1
[2016-04-09 01:06:56] CREATE default/homepage.html: 0
[2016-04-09 01:08:19] EDIT ImageJournal/views/default/homepage.html: -2
[2016-04-09 01:08:19] EDIT ImageJournal/views/default/homepage.html: 0
[2016-04-09 01:22:21] EDIT ImageJournal/controllers/default.py: 7
[2016-04-09 01:22:32] EDIT ImageJournal/controllers/default.py: 0
[2016-04-09 01:23:20] EDIT ImageJournal/controllers/default.py: 0
[2016-04-09 01:24:09] EDIT ImageJournal/controllers/default.py: 0
[2016-04-09 01:24:26] EDIT ImageJournal/controllers/default.py: 1
[2016-04-09 01:24:26] EDIT ImageJournal/controllers/default.py: 0
[2016-04-09 01:25:01] EDIT ImageJournal/controllers/default.py: 0
[2016-04-09 01:25:01] EDIT ImageJournal/controllers/default.py: 0
[2016-04-09 01:26:20] EDIT ImageJournal/controllers/default.py: 1
[2016-04-09 01:26:20] EDIT ImageJournal/controllers/default.py: 0
[2016-04-09 01:27:48] CREATE default/uploadImage.html: 0
[2016-04-09 01:28:17] EDIT ImageJournal/controllers/default.py: 1
[2016-04-09 01:28:17] EDIT ImageJournal/controllers/default.py: 0
[2016-04-09 01:29:19] EDIT ImageJournal/controllers/default.py: 0
[2016-04-09 01:29:19] EDIT ImageJournal/controllers/default.py: 0
[2016-04-09 01:31:01] EDIT ImageJournal/controllers/default.py: 1
[2016-04-09 01:31:01] EDIT ImageJournal/controllers/default.py: 0
[2016-04-09 01:31:01] EDIT ImageJournal/controllers/default.py: 0
[2016-04-09 01:31:01] EDIT ImageJournal/controllers/default.py: 0
[2016-04-09 01:33:26] EDIT ImageJournal/controllers/default.py: 0
[2016-04-09 01:33:26] EDIT ImageJournal/controllers/default.py: 0
[2016-04-09 01:34:36] EDIT ImageJournal/controllers/default.py: 0
[2016-04-09 01:34:36] EDIT ImageJournal/controllers/default.py: 0
[2016-04-09 01:35:29] EDIT ImageJournal/controllers/default.py: 0
[2016-04-09 01:35:30] EDIT ImageJournal/controllers/default.py: 0
[2016-04-09 01:35:55] EDIT ImageJournal/controllers/default.py: 0
[2016-04-09 01:36:40] EDIT ImageJournal/controllers/default.py: 0
[2016-04-09 01:36:51] EDIT ImageJournal/controllers/default.py: 0
[2016-04-09 01:37:21] EDIT ImageJournal/views/default/uploadImage.html: -1
[2016-04-09 01:37:21] EDIT ImageJournal/views/default/uploadImage.html: 0
[2016-04-09 01:38:49] EDIT ImageJournal/controllers/default.py: 0
[2016-04-09 01:38:49] EDIT ImageJournal/controllers/default.py: 0
[2016-04-09 02:02:46] EDIT ImageJournal/controllers/default.py: 0
[2016-04-09 02:03:34] EDIT ImageJournal/views/default/homepage.html: 1
[2016-04-09 02:03:34] EDIT ImageJournal/views/default/homepage.html: 0
[2016-04-09 02:05:02] EDIT ImageJournal/controllers/default.py: 1
[2016-04-09 02:06:32] EDIT ImageJournal/controllers/default.py: 4
[2016-04-09 02:06:32] EDIT ImageJournal/controllers/default.py: 0
[2016-04-09 02:06:51] CREATE default/show.html: 0
[2016-04-09 02:07:01] EDIT ImageJournal/views/default/show.html: -1
[2016-04-09 02:07:02] EDIT ImageJournal/views/default/show.html: 0
[2016-04-09 02:09:24] EDIT ImageJournal/controllers/default.py: 4
[2016-04-09 02:09:24] EDIT ImageJournal/controllers/default.py: 0
[2016-04-09 02:09:37] CREATE default/timeline.html: 0
[2016-04-09 02:09:55] EDIT ImageJournal/views/default/timeline.html: -1
[2016-04-09 02:20:22] EDIT ImageJournal/controllers/default.py: 8
[2016-04-09 02:22:03] EDIT ImageJournal/controllers/default.py: 4
[2016-04-09 02:22:03] EDIT ImageJournal/controllers/default.py: 0
[2016-04-09 02:22:27] CREATE default/editImage.html: 0
[2016-04-09 02:22:35] EDIT ImageJournal/views/default/editImage.html: -2
[2016-04-09 02:22:54] EDIT ImageJournal/controllers/default.py: 1
[2016-04-09 02:23:15] EDIT ImageJournal/views/default/editImage.html: 1
[2016-04-09 02:24:52] EDIT ImageJournal/controllers/default.py: 2
[2016-04-09 02:25:14] EDIT ImageJournal/controllers/default.py: 0
[2016-04-09 02:25:58] EDIT ImageJournal/controllers/default.py: 2
[2016-04-09 02:26:48] EDIT ImageJournal/controllers/default.py: 0
[2016-04-09 02:26:48] EDIT ImageJournal/controllers/default.py: 0
[2016-04-09 02:27:27] EDIT ImageJournal/controllers/default.py: 1
[2016-04-09 02:27:27] EDIT ImageJournal/controllers/default.py: 0
[2016-04-09 02:28:58] EDIT ImageJournal/controllers/default.py: 0
[2016-04-09 02:29:00] EDIT ImageJournal/models/db.py: 0
[2016-04-09 18:37:55] EDIT ImageJournal/controllers/default.py: 1
[2016-04-09 18:39:53] EDIT ImageJournal/models/db.py: 1
[2016-04-09 18:40:15] EDIT ImageJournal/controllers/default.py: 0
[2016-04-09 18:43:47] EDIT ImageJournal/controllers/default.py: 1
[2016-04-09 18:49:21] EDIT ImageJournal/views/layout.html: 0
[2016-04-09 18:49:30] EDIT ImageJournal/views/layout.html: 0
[2016-04-09 18:50:59] EDIT ImageJournal/views/layout.html: 0
[2016-04-09 18:53:39] EDIT ImageJournal/controllers/default.py: 4
[2016-04-09 18:54:14] EDIT ImageJournal/controllers/default.py: 0
[2016-04-09 18:54:14] EDIT ImageJournal/controllers/default.py: 0
[2016-04-09 18:55:42] EDIT ImageJournal/views/default/show.html: 2
[2016-04-09 19:09:21] EDIT ImageJournal/views/default/show.html: 1
[2016-04-09 19:09:34] EDIT ImageJournal/views/default/show.html: 0
[2016-04-09 19:09:56] EDIT ImageJournal/views/default/show.html: 2
[2016-04-09 19:10:47] EDIT ImageJournal/controllers/default.py: 0
[2016-04-09 19:24:47] EDIT ImageJournal/views/default/show.html: 10
[2016-04-09 19:24:47] EDIT ImageJournal/views/default/show.html: 0
[2016-04-09 19:25:05] EDIT ImageJournal/views/default/show.html: 2
[2016-04-09 19:32:13] EDIT ImageJournal/views/default/show.html: 2
[2016-04-09 19:32:13] EDIT ImageJournal/views/default/show.html: 0
[2016-04-09 19:32:43] EDIT ImageJournal/views/default/show.html: 0
[2016-04-09 19:35:52] EDIT ImageJournal/controllers/default.py: 0
[2016-04-09 19:37:14] EDIT ImageJournal/controllers/default.py: 0
[2016-04-09 19:37:31] EDIT ImageJournal/views/default/show.html: -2
[2016-04-09 19:37:31] EDIT ImageJournal/views/default/show.html: 0
[2016-04-09 19:38:42] EDIT ImageJournal/controllers/default.py: 2
[2016-04-09 19:40:32] EDIT ImageJournal/views/default/show.html: 0
[2016-04-09 19:40:52] EDIT ImageJournal/views/default/show.html: 0
[2016-04-09 19:49:01] EDIT ImageJournal/views/default/show.html: -1
[2016-04-09 19:50:01] EDIT ImageJournal/views/default/show.html: 0
[2016-04-09 19:51:16] EDIT ImageJournal/views/default/show.html: 0
[2016-04-09 19:52:55] EDIT ImageJournal/views/default/show.html: 0
[2016-04-09 19:55:33] EDIT ImageJournal/controllers/default.py: 2
[2016-04-09 19:56:20] EDIT ImageJournal/views/default/show.html: 0
[2016-04-09 19:56:27] EDIT ImageJournal/views/default/show.html: 0
[2016-04-09 19:56:38] EDIT ImageJournal/controllers/default.py: 1
[2016-04-09 19:57:44] EDIT ImageJournal/controllers/default.py: 1
[2016-04-09 19:58:01] EDIT ImageJournal/controllers/default.py: 0
[2016-04-09 19:58:04] EDIT ImageJournal/controllers/default.py: 0
[2016-04-09 19:58:05] EDIT ImageJournal/controllers/default.py: 0
[2016-04-09 20:01:10] EDIT ImageJournal/controllers/default.py: 0
[2016-04-09 20:01:40] EDIT ImageJournal/views/default/show.html: 0
[2016-04-09 20:03:51] EDIT ImageJournal/views/default/show.html: 0
[2016-04-09 20:04:08] EDIT ImageJournal/controllers/default.py: -4
[2016-04-09 20:04:10] EDIT ImageJournal/controllers/default.py: 0
[2016-04-09 20:04:13] EDIT ImageJournal/controllers/default.py: 0
[2016-04-09 20:04:48] EDIT ImageJournal/controllers/default.py: 0
[2016-04-09 20:07:13] EDIT ImageJournal/views/default/show.html: 0
[2016-04-09 20:08:40] EDIT ImageJournal/controllers/default.py: 3
[2016-04-09 20:09:19] EDIT ImageJournal/controllers/default.py: -3
[2016-04-09 20:10:43] EDIT ImageJournal/views/default/show.html: 2
[2016-04-09 20:12:29] EDIT ImageJournal/controllers/default.py: 0
[2016-04-09 20:20:47] EDIT ImageJournal/controllers/default.py: 0
[2016-04-09 20:21:21] EDIT ImageJournal/views/default/show.html: 0
[2016-04-09 20:21:22] EDIT ImageJournal/views/default/show.html: 0
[2016-04-09 20:22:46] EDIT ImageJournal/views/default/show.html: 0
[2016-04-09 20:22:46] EDIT ImageJournal/views/default/show.html: 0
[2016-04-09 20:23:44] EDIT ImageJournal/controllers/default.py: 2
[2016-04-09 20:24:43] EDIT ImageJournal/controllers/default.py: 4
[2016-04-09 20:25:40] EDIT ImageJournal/controllers/default.py: 1
[2016-04-09 20:26:15] EDIT ImageJournal/controllers/default.py: 0
[2016-04-09 20:27:37] EDIT ImageJournal/views/default/show.html: 0
[2016-04-09 20:27:38] EDIT ImageJournal/views/default/show.html: 0
[2016-04-09 20:27:59] EDIT ImageJournal/views/default/show.html: 0
[2016-04-09 20:27:59] EDIT ImageJournal/views/default/show.html: 0
[2016-04-09 20:28:37] EDIT ImageJournal/controllers/default.py: -7
[2016-04-09 20:29:02] EDIT ImageJournal/views/default/show.html: 0
[2016-04-09 20:29:03] EDIT ImageJournal/views/default/show.html: 0
[2016-04-09 20:30:12] EDIT ImageJournal/controllers/default.py: 0
[2016-04-09 20:31:02] EDIT ImageJournal/controllers/default.py: 6
[2016-04-09 20:31:02] EDIT ImageJournal/controllers/default.py: 0
[2016-04-09 20:31:36] EDIT ImageJournal/controllers/default.py: -6
[2016-04-09 20:37:26] EDIT ImageJournal/models/db.py: -3
[2016-04-09 20:37:46] EDIT ImageJournal/models/db.py: 3
[2016-04-09 20:37:46] EDIT ImageJournal/models/db.py: 0
[2016-04-09 20:39:40] EDIT ImageJournal/views/default/show.html: 3
[2016-04-09 20:39:40] EDIT ImageJournal/views/default/show.html: 0
[2016-04-09 20:40:42] EDIT ImageJournal/controllers/default.py: 0
[2016-04-09 20:40:59] EDIT ImageJournal/controllers/default.py: 0
[2016-04-09 20:43:47] EDIT ImageJournal/views/default/show.html: 0
[2016-04-09 20:43:47] EDIT ImageJournal/views/default/show.html: 0
[2016-04-09 20:44:19] EDIT ImageJournal/controllers/default.py: 0
[2016-04-09 20:46:57] EDIT ImageJournal/controllers/default.py: -1
[2016-04-09 20:47:06] EDIT ImageJournal/controllers/default.py: 0
[2016-04-09 20:48:03] EDIT ImageJournal/controllers/default.py: 2
[2016-04-09 20:50:02] EDIT ImageJournal/views/default/show.html: 0
[2016-04-09 20:51:25] EDIT ImageJournal/controllers/default.py: 1
[2016-04-09 20:52:06] EDIT ImageJournal/views/default/show.html: 0
[2016-04-09 20:52:48] EDIT ImageJournal/views/default/show.html: 0
[2016-04-09 20:53:33] EDIT ImageJournal/views/default/show.html: 0
[2016-04-09 20:53:33] EDIT ImageJournal/views/default/show.html: 0
[2016-04-09 20:54:15] EDIT ImageJournal/views/default/show.html: 0
[2016-04-09 20:56:02] EDIT ImageJournal/controllers/default.py: 3
[2016-04-09 20:56:20] EDIT ImageJournal/views/default/show.html: 0
[2016-04-09 20:56:20] EDIT ImageJournal/views/default/show.html: 0
[2016-04-09 20:57:14] EDIT ImageJournal/views/default/show.html: 0
[2016-04-09 20:58:44] EDIT ImageJournal/views/default/show.html: 0
[2016-04-09 20:59:02] EDIT ImageJournal/controllers/default.py: -3
[2016-04-09 20:59:07] EDIT ImageJournal/views/default/show.html: 0
[2016-04-09 20:59:14] EDIT ImageJournal/views/default/show.html: 0
[2016-04-09 21:00:40] EDIT ImageJournal/controllers/default.py: 4
[2016-04-09 21:01:09] EDIT ImageJournal/controllers/default.py: 0
[2016-04-09 21:01:10] EDIT ImageJournal/controllers/default.py: 0
[2016-04-09 21:01:44] EDIT ImageJournal/controllers/default.py: -3
[2016-04-09 21:06:26] EDIT ImageJournal/views/default/show.html: 0
[2016-04-09 21:07:23] EDIT ImageJournal/views/default/show.html: 0
[2016-04-09 21:08:30] EDIT ImageJournal/views/default/show.html: 0
[2016-04-09 21:08:30] EDIT ImageJournal/views/default/show.html: 0
[2016-04-09 21:09:13] EDIT ImageJournal/views/default/show.html: 0
[2016-04-09 21:09:13] EDIT ImageJournal/views/default/show.html: 0
[2016-04-09 21:14:23] EDIT ImageJournal/views/default/show.html: 3
[2016-04-09 21:14:43] EDIT ImageJournal/views/default/show.html: 0
[2016-04-09 21:14:44] EDIT ImageJournal/views/default/show.html: 0
[2016-04-09 21:15:31] EDIT ImageJournal/views/default/show.html: 0
[2016-04-09 22:14:58] EDIT ImageJournal/views/default/show.html: 0
[2016-04-09 22:14:58] EDIT ImageJournal/views/default/show.html: 0
[2016-04-09 22:16:23] EDIT ImageJournal/models/db.py: 0
[2016-04-09 22:16:23] EDIT ImageJournal/models/db.py: 0
[2016-04-09 22:21:56] EDIT ImageJournal/views/default/show.html: 0
[2016-04-09 22:22:36] EDIT ImageJournal/views/default/show.html: 1
[2016-04-09 22:30:00] EDIT ImageJournal/models/db.py: 0
[2016-04-09 22:31:40] EDIT ImageJournal/views/default/show.html: 0
[2016-04-09 22:32:03] EDIT ImageJournal/views/default/show.html: 0
[2016-04-09 22:32:22] EDIT ImageJournal/views/default/show.html: 0
[2016-04-09 22:32:35] EDIT ImageJournal/views/default/show.html: 0
[2016-04-09 22:32:51] EDIT ImageJournal/views/default/show.html: 0
[2016-04-09 22:33:04] EDIT ImageJournal/views/default/show.html: 0
[2016-04-09 22:33:23] EDIT ImageJournal/views/default/show.html: 0
[2016-04-09 22:33:34] EDIT ImageJournal/views/default/show.html: 0
[2016-04-09 22:33:34] EDIT ImageJournal/views/default/show.html: 0
[2016-04-09 22:33:56] EDIT ImageJournal/models/db.py: 0
[2016-04-09 22:34:33] EDIT ImageJournal/views/default/show.html: 0
[2016-04-09 22:34:57] EDIT ImageJournal/views/default/show.html: 0
[2016-04-09 22:35:40] EDIT ImageJournal/views/default/show.html: 0
[2016-04-09 22:36:22] EDIT ImageJournal/controllers/default.py: 1
[2016-04-09 22:37:17] EDIT ImageJournal/models/db.py: 0
[2016-04-09 22:37:59] EDIT ImageJournal/views/default/show.html: 0
[2016-04-09 22:41:57] EDIT ImageJournal/views/default/show.html: 0
[2016-04-09 22:42:11] EDIT ImageJournal/views/default/show.html: 0
[2016-04-09 22:45:46] EDIT ImageJournal/views/default/show.html: 2
[2016-04-09 22:45:47] EDIT ImageJournal/views/default/show.html: 0
[2016-04-09 22:46:16] EDIT ImageJournal/views/default/show.html: 0
[2016-04-09 22:48:21] EDIT ImageJournal/views/default/show.html: -1
[2016-04-09 22:49:01] EDIT ImageJournal/views/default/show.html: 0
[2016-04-09 22:51:33] EDIT ImageJournal/views/default/show.html: 1
[2016-04-09 22:52:03] EDIT ImageJournal/views/default/show.html: 0
[2016-04-09 22:52:39] EDIT ImageJournal/views/default/show.html: -2
[2016-04-09 22:54:02] EDIT ImageJournal/views/default/show.html: 0
[2016-04-09 22:54:24] EDIT ImageJournal/views/default/show.html: -1
[2016-04-09 22:54:54] EDIT ImageJournal/views/default/show.html: 0
[2016-04-09 22:55:15] EDIT ImageJournal/views/default/show.html: 0
[2016-04-09 22:55:32] EDIT ImageJournal/views/default/show.html: 0
[2016-04-09 22:56:37] EDIT ImageJournal/views/default/show.html: 0
[2016-04-09 22:56:52] EDIT ImageJournal/views/default/show.html: 0
[2016-04-09 22:57:37] EDIT ImageJournal/views/default/show.html: 0
[2016-04-09 22:57:52] EDIT ImageJournal/views/default/show.html: 0
[2016-04-09 22:58:04] EDIT ImageJournal/views/default/show.html: 0
[2016-04-09 22:58:54] EDIT ImageJournal/views/default/show.html: 0
[2016-04-09 22:59:29] EDIT ImageJournal/views/default/show.html: 0
[2016-04-09 23:00:45] EDIT ImageJournal/views/default/show.html: 0
[2016-04-09 23:01:29] EDIT ImageJournal/views/default/show.html: 0
[2016-04-09 23:01:29] EDIT ImageJournal/views/default/show.html: 0
[2016-04-09 23:13:48] EDIT ImageJournal/views/default/show.html: 1
[2016-04-09 23:14:22] EDIT ImageJournal/views/default/show.html: -1
[2016-04-09 23:15:19] EDIT ImageJournal/views/default/show.html: 1
[2016-04-09 23:15:26] EDIT ImageJournal/views/default/show.html: 1
[2016-04-09 23:18:48] EDIT ImageJournal/views/default/show.html: 4
[2016-04-09 23:19:31] EDIT ImageJournal/views/default/show.html: -4
[2016-04-10 04:01:27] EDIT ImageJournal/views/default/show.html: 7
[2016-04-10 04:02:04] EDIT ImageJournal/views/default/show.html: 0
[2016-04-10 04:04:18] EDIT ImageJournal/controllers/default.py: 1
[2016-04-10 04:06:00] EDIT ImageJournal/views/default/show.html: 0
[2016-04-10 04:06:44] EDIT ImageJournal/views/default/show.html: 0
[2016-04-10 04:08:02] EDIT ImageJournal/views/default/show.html: 2
[2016-04-10 04:09:34] EDIT ImageJournal/views/default/show.html: 0
[2016-04-10 04:10:39] EDIT ImageJournal/views/default/show.html: 0
[2016-04-10 04:11:50] EDIT ImageJournal/views/default/show.html: 1
[2016-04-10 04:14:43] EDIT ImageJournal/controllers/default.py: -1
[2016-04-10 04:14:52] EDIT ImageJournal/controllers/default.py: -2
[2016-04-10 04:15:28] EDIT ImageJournal/controllers/default.py: 2
[2016-04-10 04:18:42] EDIT ImageJournal/controllers/default.py: 0
[2016-04-10 04:19:04] EDIT ImageJournal/controllers/default.py: 0
[2016-04-10 04:21:03] EDIT ImageJournal/views/default/show.html: 0
[2016-04-10 04:21:52] EDIT ImageJournal/views/default/show.html: 0
[2016-04-10 04:22:41] EDIT ImageJournal/views/default/show.html: 0
[2016-04-10 04:26:13] EDIT ImageJournal/views/default/show.html: 0
[2016-04-10 04:26:13] EDIT ImageJournal/views/default/show.html: 0
[2016-04-10 04:27:30] EDIT ImageJournal/controllers/default.py: 0
[2016-04-10 04:28:25] EDIT ImageJournal/controllers/default.py: 0
[2016-04-10 04:28:25] EDIT ImageJournal/controllers/default.py: 0
[2016-04-10 12:42:21] EDIT ImageJournal/views/default/show.html: 0
[2016-04-10 12:42:45] EDIT ImageJournal/views/default/show.html: 0
[2016-04-10 12:42:46] EDIT ImageJournal/views/default/show.html: 0
[2016-04-10 12:42:46] EDIT ImageJournal/views/default/show.html: 0
[2016-04-10 12:42:46] EDIT ImageJournal/views/default/show.html: 0
[2016-04-10 12:47:30] EDIT ImageJournal/controllers/default.py: 0
[2016-04-10 12:47:52] EDIT ImageJournal/controllers/default.py: 0
[2016-04-10 12:48:24] EDIT ImageJournal/views/default/show.html: -2
[2016-04-10 12:48:57] EDIT ImageJournal/controllers/default.py: 0
[2016-04-10 12:54:02] EDIT ImageJournal/views/default/show.html: 0
[2016-04-10 12:54:11] EDIT ImageJournal/views/default/show.html: 0
[2016-04-10 12:55:18] EDIT ImageJournal/controllers/default.py: 0
[2016-04-10 17:55:11] EDIT ImageJournal/views/default/show.html: 2
[2016-04-10 17:55:45] EDIT ImageJournal/controllers/default.py: 0
[2016-04-10 18:33:31] EDIT ImageJournal/controllers/default.py: -2
[2016-04-10 18:38:31] EDIT ImageJournal/controllers/default.py: -2
[2016-04-10 18:38:53] EDIT ImageJournal/views/default/show.html: 0
[2016-04-10 18:39:26] EDIT ImageJournal/views/default/show.html: 0
[2016-04-10 18:39:36] EDIT ImageJournal/views/default/show.html: 0
[2016-04-10 18:40:22] EDIT ImageJournal/views/default/show.html: -29
[2016-04-10 18:42:12] EDIT ImageJournal/controllers/default.py: 4
[2016-04-10 18:47:54] EDIT ImageJournal/controllers/default.py: -1
[2016-04-10 18:49:10] EDIT ImageJournal/controllers/default.py: 0
[2016-04-10 18:49:46] EDIT ImageJournal/controllers/default.py: 0
[2016-04-10 18:49:47] EDIT ImageJournal/controllers/default.py: 0
[2016-04-10 18:50:26] EDIT ImageJournal/controllers/default.py: 0
[2016-04-10 18:50:26] EDIT ImageJournal/controllers/default.py: 0
[2016-04-10 18:51:12] CREATE default/show_list.load: 0
[2016-04-10 18:55:27] EDIT ImageJournal/views/default/show_list.load: -11
[2016-04-10 18:55:51] EDIT ImageJournal/views/default/show_list.load: 1
[2016-04-10 18:56:31] EDIT ImageJournal/views/default/show.html: 1
[2016-04-10 18:57:01] EDIT ImageJournal/views/default/show.html: 1
[2016-04-10 18:57:14] CREATE default/newComment.load: 0
[2016-04-10 18:59:02] EDIT ImageJournal/controllers/default.py: 0
[2016-04-10 18:59:49] EDIT ImageJournal/views/default/newComment.load: -18
[2016-04-10 19:02:09] EDIT ImageJournal/controllers/default.py: 3
[2016-04-10 19:03:22] EDIT ImageJournal/views/default/show.html: 0
[2016-04-10 19:03:35] EDIT ImageJournal/views/default/show.html: 0
[2016-04-10 19:03:35] EDIT ImageJournal/views/default/show.html: 0
[2016-04-10 19:04:23] EDIT ImageJournal/controllers/default.py: 0
[2016-04-10 19:05:21] EDIT ImageJournal/views/default/show_list.load: 1
[2016-04-10 19:07:59] EDIT ImageJournal/controllers/default.py: 0
[2016-04-10 19:09:22] EDIT ImageJournal/views/default/show.html: 0
[2016-04-10 19:10:35] EDIT ImageJournal/controllers/default.py: 0
[2016-04-10 19:11:31] EDIT ImageJournal/controllers/default.py: 1
[2016-04-10 19:12:00] EDIT ImageJournal/controllers/default.py: 0
[2016-04-10 19:12:33] EDIT ImageJournal/controllers/default.py: 0
[2016-04-10 19:16:04] EDIT ImageJournal/views/default/show.html: 0
[2016-04-10 19:17:53] EDIT ImageJournal/controllers/default.py: 0
[2016-04-10 19:18:52] EDIT ImageJournal/models/db.py: 0
[2016-04-10 19:18:52] EDIT ImageJournal/models/db.py: 0
[2016-04-10 19:20:49] EDIT ImageJournal/views/default/show.html: 0
[2016-04-10 19:24:01] EDIT ImageJournal/views/default/show_list.load: -1
[2016-04-10 19:27:27] EDIT ImageJournal/controllers/default.py: 0
[2016-04-10 19:29:08] EDIT ImageJournal/controllers/default.py: 0
[2016-04-10 19:30:14] EDIT ImageJournal/views/default/show.html: -1
[2016-04-10 19:30:27] EDIT ImageJournal/views/default/show.html: -1
[2016-04-10 19:31:26] EDIT ImageJournal/controllers/default.py: -21
[2016-04-10 19:34:53] EDIT ImageJournal/controllers/default.py: 7
[2016-04-10 19:36:37] EDIT ImageJournal/controllers/default.py: 5
[2016-04-10 19:36:47] EDIT ImageJournal/controllers/default.py: 0
[2016-04-10 19:39:50] EDIT ImageJournal/views/default/show.html: 0
[2016-04-10 19:43:12] EDIT ImageJournal/views/default/show.html: 7
[2016-04-10 19:45:30] EDIT ImageJournal/views/default/show.html: 1
[2016-04-10 19:45:48] EDIT ImageJournal/views/default/show.html: 1
[2016-04-10 19:46:42] EDIT ImageJournal/views/default/show.html: 0
[2016-04-10 19:48:13] EDIT ImageJournal/views/default/show.html: 0
[2016-04-10 19:48:14] EDIT ImageJournal/views/default/show.html: 0
[2016-04-10 19:48:41] EDIT ImageJournal/views/default/show.html: 0
[2016-04-10 19:49:00] EDIT ImageJournal/views/default/show.html: 0
[2016-04-10 19:49:22] EDIT ImageJournal/views/default/show.html: 0
[2016-04-10 19:49:26] EDIT ImageJournal/views/default/show.html: 0
[2016-04-10 19:49:54] EDIT ImageJournal/views/default/show.html: 0
[2016-04-10 19:50:45] EDIT ImageJournal/views/default/show.html: 1
[2016-04-10 19:51:22] EDIT ImageJournal/views/default/show.html: 2
[2016-04-10 19:51:50] EDIT ImageJournal/views/default/show.html: -2
[2016-04-10 19:54:21] EDIT ImageJournal/views/default/show.html: 1
[2016-04-10 19:54:37] EDIT ImageJournal/views/default/show.html: 0
[2016-04-10 19:55:46] EDIT ImageJournal/views/default/show.html: 0
[2016-04-10 19:56:00] EDIT ImageJournal/views/default/show.html: 0
[2016-04-10 19:57:15] EDIT ImageJournal/views/default/show.html: 0
[2016-04-10 19:57:20] EDIT ImageJournal/views/default/show.html: 0
[2016-04-10 19:57:22] EDIT ImageJournal/views/default/show.html: 0
[2016-04-10 19:58:18] EDIT ImageJournal/views/default/show.html: 0
[2016-04-10 19:58:33] EDIT ImageJournal/views/default/show.html: 0
[2016-04-10 19:59:09] EDIT ImageJournal/views/default/show.html: 0
[2016-04-10 19:59:35] EDIT ImageJournal/views/default/show.html: 0
[2016-04-10 20:02:28] EDIT ImageJournal/views/default/show.html: 6
[2016-04-10 20:06:40] EDIT ImageJournal/views/default/show.html: 6
[2016-04-10 20:07:06] EDIT ImageJournal/views/default/show.html: 1
[2016-04-10 20:09:22] EDIT ImageJournal/views/default/show.html: 0
[2016-04-10 20:09:22] EDIT ImageJournal/views/default/show.html: 0
[2016-04-10 20:12:45] EDIT ImageJournal/views/default/show.html: 2
[2016-04-10 20:13:04] EDIT ImageJournal/controllers/default.py: 1
[2016-04-10 20:14:27] EDIT ImageJournal/models/db.py: 0
[2016-04-10 20:14:27] EDIT ImageJournal/models/db.py: 0
[2016-04-10 20:15:09] EDIT ImageJournal/models/db.py: 0
[2016-04-10 20:15:10] EDIT ImageJournal/models/db.py: 0
[2016-04-10 20:15:27] EDIT ImageJournal/controllers/default.py: 0
[2016-04-10 20:15:27] EDIT ImageJournal/controllers/default.py: 0
[2016-04-10 20:16:27] EDIT ImageJournal/controllers/default.py: 2
[2016-04-10 20:17:50] EDIT ImageJournal/models/db.py: 0
[2016-04-10 20:18:23] EDIT ImageJournal/views/default/show.html: 0
[2016-04-10 20:19:17] EDIT ImageJournal/controllers/default.py: -1
[2016-04-10 20:20:02] EDIT ImageJournal/views/default/show.html: 0
[2016-04-10 20:20:27] EDIT ImageJournal/controllers/default.py: 0
[2016-04-10 20:21:38] EDIT ImageJournal/views/default/show.html: 0
[2016-04-10 20:22:03] EDIT ImageJournal/controllers/default.py: 0
[2016-04-10 20:22:05] EDIT ImageJournal/controllers/default.py: 0
[2016-04-10 20:22:50] EDIT ImageJournal/controllers/default.py: 1
[2016-04-10 20:23:26] EDIT ImageJournal/controllers/default.py: 0
[2016-04-10 20:24:13] EDIT ImageJournal/controllers/default.py: 2
[2016-04-10 20:25:53] EDIT ImageJournal/views/default/show.html: 1
[2016-04-10 20:27:16] EDIT ImageJournal/views/default/show.html: -1
[2016-04-10 20:27:56] EDIT ImageJournal/controllers/default.py: 0
[2016-04-10 20:29:57] EDIT ImageJournal/views/default/show.html: 0
[2016-04-10 20:30:14] EDIT ImageJournal/views/default/show.html: 0
[2016-04-10 20:30:37] EDIT ImageJournal/views/default/show.html: 0
[2016-04-10 20:31:01] EDIT ImageJournal/controllers/default.py: 0
[2016-04-10 20:31:57] EDIT ImageJournal/views/default/show.html: 0
[2016-04-10 20:32:33] EDIT ImageJournal/views/default/show.html: 0
[2016-04-10 20:33:13] EDIT ImageJournal/views/default/show.html: 0
[2016-04-10 20:33:20] EDIT ImageJournal/views/default/show.html: 0
[2016-04-10 20:34:52] EDIT ImageJournal/controllers/default.py: 0
[2016-04-10 20:34:53] EDIT ImageJournal/controllers/default.py: 0
[2016-04-10 20:35:19] EDIT ImageJournal/controllers/default.py: 0
[2016-04-10 20:35:42] EDIT ImageJournal/views/default/show.html: 0
[2016-04-10 20:36:01] EDIT ImageJournal/views/default/show.html: 0
[2016-04-10 20:36:01] EDIT ImageJournal/views/default/show.html: 0
[2016-04-10 20:37:36] EDIT ImageJournal/models/db.py: 0
[2016-04-10 20:37:37] EDIT ImageJournal/models/db.py: 0
[2016-04-10 20:38:08] EDIT ImageJournal/controllers/default.py: 0
[2016-04-10 20:38:30] EDIT ImageJournal/controllers/default.py: 0
[2016-04-10 20:38:30] EDIT ImageJournal/controllers/default.py: 0
[2016-04-10 20:38:47] EDIT ImageJournal/controllers/default.py: 0
[2016-04-10 20:39:40] EDIT ImageJournal/controllers/default.py: 0
[2016-04-10 20:40:11] EDIT ImageJournal/controllers/default.py: 0
[2016-04-10 20:40:11] EDIT ImageJournal/controllers/default.py: 0
[2016-04-10 20:40:34] EDIT ImageJournal/views/default/show.html: 0
[2016-04-10 20:42:31] DELETE ImageJournal/views/default/show_list.load: -10
[2016-04-10 20:42:39] DELETE ImageJournal/views/default/newComment.load: -2
[2016-04-10 20:43:16] EDIT ImageJournal/views/default/show.html: 0
[2016-04-10 20:43:28] EDIT ImageJournal/controllers/default.py: 0
[2016-04-10 20:44:01] EDIT ImageJournal/views/default/show.html: 0
[2016-04-10 20:45:45] EDIT ImageJournal/views/default/show.html: 0
[2016-04-10 20:47:05] EDIT ImageJournal/controllers/default.py: 0
[2016-04-10 20:48:28] EDIT ImageJournal/controllers/default.py: 1
[2016-04-10 20:49:37] EDIT ImageJournal/views/default/show.html: 3
[2016-04-10 20:50:07] EDIT ImageJournal/views/default/show.html: 0
[2016-04-10 20:50:34] EDIT ImageJournal/views/default/show.html: 0
[2016-04-10 20:50:44] EDIT ImageJournal/views/default/show.html: 0
[2016-04-10 20:52:38] EDIT ImageJournal/views/default/show.html: 0
[2016-04-10 20:53:13] EDIT ImageJournal/controllers/default.py: -1
[2016-04-10 20:53:40] EDIT ImageJournal/views/default/show.html: 0
[2016-04-10 20:53:42] EDIT ImageJournal/views/default/show.html: 0
[2016-04-10 20:54:35] EDIT ImageJournal/views/default/show.html: 0
[2016-04-10 20:54:35] EDIT ImageJournal/views/default/show.html: 0
[2016-04-10 20:54:35] EDIT ImageJournal/views/default/show.html: 0
[2016-04-10 20:54:36] EDIT ImageJournal/views/default/show.html: 0
[2016-04-10 20:54:36] EDIT ImageJournal/views/default/show.html: 0
[2016-04-10 20:54:36] EDIT ImageJournal/views/default/show.html: 0
[2016-04-10 20:56:33] EDIT ImageJournal/views/default/show.html: 0
[2016-04-10 20:56:33] EDIT ImageJournal/views/default/show.html: 0
[2016-04-10 20:57:06] EDIT ImageJournal/controllers/default.py: 0
[2016-04-10 20:57:23] EDIT ImageJournal/controllers/default.py: 0
[2016-04-10 20:57:24] EDIT ImageJournal/controllers/default.py: 0
[2016-04-10 20:58:05] EDIT ImageJournal/models/db.py: 0
[2016-04-10 20:58:06] EDIT ImageJournal/models/db.py: 0
[2016-04-10 20:58:06] EDIT ImageJournal/models/db.py: 0
[2016-04-10 20:58:32] EDIT ImageJournal/controllers/default.py: 0
[2016-04-10 20:59:02] EDIT ImageJournal/controllers/default.py: -1
[2016-04-10 20:59:40] EDIT ImageJournal/views/default/show.html: -1
[2016-04-10 20:59:48] EDIT ImageJournal/controllers/default.py: -4
[2016-04-10 20:59:48] EDIT ImageJournal/controllers/default.py: 0
[2016-04-10 21:00:15] EDIT ImageJournal/controllers/default.py: 1
[2016-04-10 21:00:17] EDIT ImageJournal/controllers/default.py: 0
[2016-04-10 21:00:30] EDIT ImageJournal/views/default/show.html: 0
[2016-04-10 21:01:19] EDIT ImageJournal/views/default/show.html: -3
[2016-04-10 21:01:40] EDIT ImageJournal/views/default/show.html: 2
[2016-04-10 21:02:20] EDIT ImageJournal/views/default/show.html: 0
[2016-04-10 21:02:46] EDIT ImageJournal/views/default/show.html: 0
[2016-04-10 21:02:52] EDIT ImageJournal/views/default/show.html: 0
[2016-04-10 21:03:00] EDIT ImageJournal/controllers/default.py: 0
[2016-04-10 21:06:09] EDIT ImageJournal/controllers/default.py: 0
[2016-04-10 21:06:09] EDIT ImageJournal/controllers/default.py: 0
[2016-04-10 21:06:36] EDIT ImageJournal/controllers/default.py: 0
[2016-04-10 21:06:57] EDIT ImageJournal/controllers/default.py: -1
[2016-04-10 21:06:57] EDIT ImageJournal/controllers/default.py: 0
[2016-04-10 21:07:07] EDIT ImageJournal/views/default/show.html: 0
[2016-04-10 21:08:03] EDIT ImageJournal/controllers/default.py: 1
[2016-04-10 21:08:18] EDIT ImageJournal/controllers/default.py: 0
[2016-04-10 21:08:18] EDIT ImageJournal/controllers/default.py: 0
[2016-04-10 21:08:41] EDIT ImageJournal/controllers/default.py: -1
[2016-04-10 21:08:41] EDIT ImageJournal/controllers/default.py: 0
[2016-04-10 21:08:41] EDIT ImageJournal/controllers/default.py: 0
[2016-04-10 21:09:28] EDIT ImageJournal/views/default/show.html: -1
[2016-04-10 21:09:41] EDIT ImageJournal/views/default/show.html: 0
[2016-04-10 21:09:48] EDIT ImageJournal/controllers/default.py: 1
[2016-04-10 21:11:22] EDIT ImageJournal/views/default/show.html: 0
[2016-04-10 21:11:35] EDIT ImageJournal/views/default/show.html: 0
[2016-04-10 21:12:05] EDIT ImageJournal/views/default/show.html: 0
[2016-04-10 21:12:18] EDIT ImageJournal/views/default/show.html: 1
[2016-04-10 21:12:45] EDIT ImageJournal/views/default/show.html: 0
[2016-04-10 21:13:50] EDIT ImageJournal/views/default/show.html: 0
[2016-04-10 21:14:25] EDIT ImageJournal/views/default/show.html: 0
[2016-04-10 21:14:40] EDIT ImageJournal/views/default/show.html: 0
[2016-04-10 21:14:59] EDIT ImageJournal/views/default/show.html: 0
[2016-04-10 21:15:12] EDIT ImageJournal/views/default/show.html: 0
[2016-04-10 21:15:24] EDIT ImageJournal/views/default/show.html: 0
[2016-04-10 21:15:44] EDIT ImageJournal/views/default/show.html: 0
[2016-04-10 21:16:09] EDIT ImageJournal/views/default/show.html: 0
[2016-04-10 21:16:19] EDIT ImageJournal/views/default/show.html: 0
[2016-04-10 21:16:38] EDIT ImageJournal/views/default/show.html: 0
[2016-04-10 21:16:58] EDIT ImageJournal/views/default/show.html: 0
[2016-04-10 21:17:21] EDIT ImageJournal/views/default/show.html: 0
[2016-04-10 21:17:45] EDIT ImageJournal/views/default/show.html: 0
[2016-04-10 21:18:03] EDIT ImageJournal/views/default/show.html: 0
[2016-04-10 21:18:19] EDIT ImageJournal/views/default/show.html: 0
[2016-04-10 21:18:41] EDIT ImageJournal/views/default/show.html: 0
[2016-04-10 21:19:00] EDIT ImageJournal/views/default/show.html: 0
[2016-04-10 21:19:19] EDIT ImageJournal/views/default/show.html: 0
[2016-04-10 21:19:40] EDIT ImageJournal/views/default/show.html: 0
[2016-04-10 21:30:25] EDIT ImageJournal/views/default/show.html: 1
[2016-04-10 21:30:42] EDIT ImageJournal/views/default/show.html: 1
[2016-04-10 21:31:15] EDIT ImageJournal/views/default/show.html: 0
[2016-04-10 21:31:25] EDIT ImageJournal/views/default/show.html: 0
[2016-04-10 21:31:47] EDIT ImageJournal/views/default/show.html: 0
[2016-04-10 21:32:04] EDIT ImageJournal/views/default/show.html: 0
[2016-04-10 21:32:16] EDIT ImageJournal/views/default/show.html: 0
[2016-04-12 18:06:19] EDIT ImageJournal/views/default/homepage.html: 10
[2016-04-12 18:10:37] EDIT ImageJournal/controllers/default.py: 6
[2016-04-12 18:11:09] EDIT ImageJournal/views/default/homepage.html: 0
[2016-04-12 18:11:15] EDIT ImageJournal/views/default/homepage.html: 0
[2016-04-12 18:11:16] EDIT ImageJournal/views/default/homepage.html: 0
[2016-04-12 18:12:16] EDIT ImageJournal/controllers/default.py: 0
[2016-04-12 18:14:19] EDIT ImageJournal/controllers/default.py: 0
[2016-04-12 18:16:43] EDIT ImageJournal/views/default/homepage.html: 1
[2016-04-12 18:16:59] EDIT ImageJournal/views/default/homepage.html: 0
[2016-04-12 18:17:56] EDIT ImageJournal/views/default/homepage.html: 2
[2016-04-12 18:18:04] EDIT ImageJournal/views/default/homepage.html: 0
[2016-04-12 18:18:11] EDIT ImageJournal/controllers/default.py: 0
[2016-04-12 18:18:39] EDIT ImageJournal/views/default/homepage.html: 0
[2016-04-12 18:19:42] EDIT ImageJournal/views/default/homepage.html: 2
[2016-04-12 18:20:20] EDIT ImageJournal/views/default/homepage.html: -1
[2016-04-12 18:20:32] EDIT ImageJournal/views/default/homepage.html: 1
[2016-04-12 18:20:32] EDIT ImageJournal/views/default/homepage.html: 0
[2016-04-12 18:21:01] EDIT ImageJournal/views/default/homepage.html: 0
[2016-04-12 18:26:57] EDIT ImageJournal/views/default/homepage.html: 0
[2016-04-12 18:29:34] EDIT ImageJournal/views/default/homepage.html: 4
[2016-04-12 18:29:34] EDIT ImageJournal/views/default/homepage.html: 0
[2016-04-12 18:30:11] EDIT ImageJournal/views/default/homepage.html: 0
[2016-04-12 18:30:11] EDIT ImageJournal/views/default/homepage.html: 0
[2016-04-12 18:30:34] EDIT ImageJournal/views/default/homepage.html: 0
[2016-04-12 18:31:06] EDIT ImageJournal/views/default/homepage.html: 0
[2016-04-12 18:31:06] EDIT ImageJournal/views/default/homepage.html: 0
[2016-04-12 18:31:26] EDIT ImageJournal/views/default/homepage.html: 3
[2016-04-12 18:32:45] EDIT ImageJournal/views/default/homepage.html: 0
[2016-04-12 18:33:28] EDIT ImageJournal/views/default/homepage.html: 0
[2016-04-12 18:34:05] EDIT ImageJournal/views/default/homepage.html: 0
[2016-04-12 18:34:40] EDIT ImageJournal/views/default/homepage.html: 0
[2016-04-12 18:35:58] EDIT ImageJournal/views/default/homepage.html: -2
[2016-04-12 18:37:20] EDIT ImageJournal/views/default/homepage.html: 2
[2016-04-12 18:37:20] EDIT ImageJournal/views/default/homepage.html: 0
[2016-04-12 18:38:24] EDIT ImageJournal/views/default/homepage.html: 0
[2016-04-12 18:38:24] EDIT ImageJournal/views/default/homepage.html: 0
[2016-04-12 18:39:53] EDIT ImageJournal/views/default/homepage.html: 1
[2016-04-12 18:40:14] EDIT ImageJournal/views/default/homepage.html: 0
[2016-04-12 18:40:14] EDIT ImageJournal/views/default/homepage.html: 0
[2016-04-12 18:41:27] EDIT ImageJournal/views/default/homepage.html: 0
[2016-04-12 18:41:27] EDIT ImageJournal/views/default/homepage.html: 0
[2016-04-12 18:44:52] EDIT ImageJournal/views/default/homepage.html: 1
[2016-04-12 18:45:46] EDIT ImageJournal/views/default/homepage.html: 0
[2016-04-12 18:46:09] EDIT ImageJournal/views/default/homepage.html: 0
[2016-04-12 18:46:31] EDIT ImageJournal/views/default/homepage.html: 0
[2016-04-12 18:47:16] EDIT ImageJournal/views/default/homepage.html: 0
[2016-04-12 18:47:25] EDIT ImageJournal/views/default/homepage.html: 0
[2016-04-12 18:51:32] EDIT ImageJournal/views/default/homepage.html: 2
[2016-04-12 18:51:53] EDIT ImageJournal/views/default/homepage.html: 0
[2016-04-12 18:52:44] EDIT ImageJournal/views/default/homepage.html: 3
[2016-04-12 18:53:24] EDIT ImageJournal/views/default/homepage.html: 0
[2016-04-12 18:53:59] EDIT ImageJournal/views/default/homepage.html: 0
[2016-04-12 18:55:10] EDIT ImageJournal/views/default/homepage.html: 0
[2016-04-12 18:55:24] EDIT ImageJournal/controllers/default.py: 0
[2016-04-12 18:55:25] EDIT ImageJournal/controllers/default.py: 0
[2016-04-12 18:55:25] EDIT ImageJournal/controllers/default.py: 0
[2016-04-12 18:55:55] EDIT ImageJournal/controllers/default.py: 0
[2016-04-12 18:55:55] EDIT ImageJournal/controllers/default.py: 0
[2016-04-12 18:57:31] EDIT ImageJournal/views/default/homepage.html: 0
[2016-04-12 18:57:49] EDIT ImageJournal/views/default/homepage.html: 0
[2016-04-12 18:58:00] EDIT ImageJournal/views/default/homepage.html: 0
[2016-04-12 18:58:00] EDIT ImageJournal/views/default/homepage.html: 0
[2016-04-12 18:58:00] EDIT ImageJournal/views/default/homepage.html: 0
[2016-04-12 18:59:08] EDIT ImageJournal/controllers/default.py: 8
[2016-04-12 18:59:08] EDIT ImageJournal/controllers/default.py: 0
[2016-04-12 18:59:27] EDIT ImageJournal/views/default/timeline.html: -1
[2016-04-12 18:59:43] EDIT ImageJournal/views/default/timeline.html: 30
[2016-04-12 18:59:44] EDIT ImageJournal/views/default/timeline.html: 0
[2016-04-12 19:27:04] EDIT ImageJournal/views/default/timeline.html: 0
[2016-04-12 19:27:05] EDIT ImageJournal/controllers/default.py: 0
[2016-04-12 19:41:19] EDIT ImageJournal/views/default/homepage.html: 0
[2016-04-12 19:41:30] EDIT ImageJournal/views/default/homepage.html: 0
[2016-04-12 19:43:48] EDIT ImageJournal/views/default/homepage.html: -2
[2016-04-12 19:44:16] EDIT ImageJournal/views/default/homepage.html: -1
[2016-04-12 19:44:16] EDIT ImageJournal/views/default/homepage.html: 0
[2016-04-13 09:15:51] EDIT ImageJournal/views/default/timeline.html: -1
[2016-04-13 13:42:41] EDIT ImageJournal/controllers/default.py: 12
[2016-04-13 13:42:43] EDIT ImageJournal/controllers/default.py: 0
[2016-04-13 13:42:56] CREATE default/search.html: 0
[2016-04-13 13:43:13] EDIT ImageJournal/views/default/search.html: 8
[2016-04-13 13:43:13] EDIT ImageJournal/views/default/search.html: 0
[2016-04-13 13:43:14] EDIT ImageJournal/views/default/search.html: 0
[2016-04-13 13:44:32] EDIT ImageJournal/controllers/default.py: 0
[2016-04-13 13:44:57] EDIT ImageJournal/views/default/search.html: -1
[2016-04-13 13:45:47] EDIT ImageJournal/views/default/search.html: 0
[2016-04-13 13:46:08] EDIT ImageJournal/views/default/search.html: 1
[2016-04-13 13:46:57] EDIT ImageJournal/views/default/search.html: 0
[2016-04-13 13:47:08] EDIT ImageJournal/views/default/search.html: 0
[2016-04-13 13:47:10] EDIT ImageJournal/views/default/search.html: 0
[2016-04-13 13:49:04] EDIT ImageJournal/views/default/search.html: 2
[2016-04-13 14:24:04] EDIT ImageJournal/views/default/search.html: 0
[2016-04-13 14:25:15] EDIT ImageJournal/controllers/default.py: 0
[2016-04-13 14:26:14] EDIT ImageJournal/views/default/search.html: 1
[2016-04-13 14:26:40] EDIT ImageJournal/views/default/search.html: 0
[2016-04-13 14:26:41] EDIT ImageJournal/views/default/search.html: 0
[2016-04-13 14:26:41] EDIT ImageJournal/views/default/search.html: 0
[2016-04-13 14:26:42] EDIT ImageJournal/views/default/search.html: 0
[2016-04-13 14:30:06] EDIT ImageJournal/views/default/search.html: 1
[2016-04-13 14:31:08] EDIT ImageJournal/views/default/search.html: 1
[2016-04-13 14:31:27] EDIT ImageJournal/views/default/search.html: -1
[2016-04-13 14:31:39] EDIT ImageJournal/views/default/search.html: -1
[2016-04-14 18:48:13] EDIT ImageJournal/views/default/search.html: 0
[2016-04-14 18:48:37] EDIT ImageJournal/views/default/search.html: 1
[2016-04-14 18:48:58] EDIT ImageJournal/views/default/search.html: 1
[2016-04-14 18:49:05] EDIT ImageJournal/views/default/search.html: -2
[2016-04-14 18:49:07] EDIT ImageJournal/views/default/search.html: -1
[2016-04-14 18:49:54] EDIT ImageJournal/views/default/search.html: 2
[2016-04-14 18:51:16] EDIT ImageJournal/views/default/search.html: -1
[2016-04-14 18:52:55] EDIT ImageJournal/views/default/search.html: 1
[2016-04-14 18:53:27] EDIT ImageJournal/views/default/search.html: 0
[2016-04-14 18:53:28] EDIT ImageJournal/views/default/search.html: 0
[2016-04-14 18:53:48] EDIT ImageJournal/views/default/search.html: 0
[2016-04-14 18:53:58] EDIT ImageJournal/views/default/search.html: 0
[2016-04-14 18:54:04] EDIT ImageJournal/views/default/search.html: 0
[2016-04-14 18:54:05] EDIT ImageJournal/views/default/search.html: 0
[2016-04-14 18:54:05] EDIT ImageJournal/views/default/search.html: 0
[2016-04-14 18:54:05] EDIT ImageJournal/views/default/search.html: 0
[2016-04-14 18:54:34] EDIT ImageJournal/views/default/search.html: 0
[2016-04-14 18:54:45] EDIT ImageJournal/views/default/search.html: 0
[2016-04-14 18:56:06] EDIT ImageJournal/views/default/homepage.html: 0
[2016-04-14 18:56:38] EDIT ImageJournal/views/default/timeline.html: 0
[2016-04-14 19:00:50] EDIT ImageJournal/controllers/default.py: 8
[2016-04-14 19:02:28] EDIT ImageJournal/views/default/search.html: 10
[2016-04-14 19:03:17] EDIT ImageJournal/views/default/search.html: 0
[2016-04-14 19:03:41] EDIT ImageJournal/views/default/search.html: 0
[2016-04-14 19:08:20] EDIT ImageJournal/views/default/search.html: 0
[2016-04-14 19:17:01] EDIT ImageJournal/controllers/default.py: 6
[2016-04-14 19:17:18] EDIT ImageJournal/controllers/default.py: -3
[2016-04-14 19:17:18] EDIT ImageJournal/controllers/default.py: 0
[2016-04-14 19:17:18] EDIT ImageJournal/controllers/default.py: 0
[2016-04-14 19:17:49] CREATE default/user_details.html: 0
[2016-04-14 19:18:02] EDIT ImageJournal/views/default/editImage.html: 0
[2016-04-14 19:18:23] EDIT ImageJournal/views/default/editImage.html: -1
[2016-04-14 19:19:12] EDIT ImageJournal/views/default/editImage.html: 1
[2016-04-14 19:19:37] EDIT ImageJournal/views/default/search.html: 0
[2016-04-14 19:19:59] EDIT ImageJournal/views/default/user_details.html: -2
[2016-04-14 19:20:12] EDIT ImageJournal/views/default/editImage.html: -1
[2016-04-14 19:20:19] EDIT ImageJournal/views/default/user_details.html: 1
[2016-04-14 19:21:33] EDIT ImageJournal/controllers/default.py: 0
[2016-04-14 19:29:31] EDIT ImageJournal/controllers/default.py: 0
[2016-04-14 19:30:20] EDIT ImageJournal/controllers/default.py: 0
[2016-04-14 19:30:41] EDIT ImageJournal/controllers/default.py: 0
[2016-04-14 19:30:42] EDIT ImageJournal/controllers/default.py: 0
[2016-04-14 19:30:42] EDIT ImageJournal/controllers/default.py: 0
[2016-04-14 19:30:58] EDIT ImageJournal/controllers/default.py: 1
[2016-04-14 19:30:59] EDIT ImageJournal/controllers/default.py: 0
[2016-04-14 19:31:18] EDIT ImageJournal/controllers/default.py: 0
[2016-04-14 19:31:30] EDIT ImageJournal/controllers/default.py: 0
[2016-04-14 19:32:18] EDIT ImageJournal/controllers/default.py: 0
[2016-04-14 19:32:22] EDIT ImageJournal/views/default/search.html: 0
[2016-04-14 19:32:24] EDIT ImageJournal/views/default/user_details.html: 0
[2016-04-14 19:32:24] EDIT ImageJournal/views/default/user_details.html: 0
[2016-04-14 19:32:37] EDIT ImageJournal/controllers/default.py: 0
[2016-04-14 19:34:27] EDIT ImageJournal/controllers/default.py: 0
[2016-04-14 19:34:27] EDIT ImageJournal/controllers/default.py: 0
[2016-04-14 19:34:27] EDIT ImageJournal/controllers/default.py: 0
[2016-04-14 19:34:28] EDIT ImageJournal/controllers/default.py: 0
[2016-04-14 19:34:28] EDIT ImageJournal/controllers/default.py: 0
[2016-04-14 19:34:28] EDIT ImageJournal/controllers/default.py: 0
[2016-04-14 19:35:07] EDIT ImageJournal/controllers/default.py: -1
[2016-04-14 19:35:09] EDIT ImageJournal/controllers/default.py: 0
[2016-04-14 19:35:38] EDIT ImageJournal/views/default/user_details.html: -1
[2016-04-14 19:36:16] EDIT ImageJournal/controllers/default.py: 17
[2016-04-14 19:36:24] EDIT ImageJournal/controllers/default.py: -17
[2016-04-14 19:40:34] EDIT ImageJournal/controllers/default.py: 1
[2016-04-14 19:40:35] EDIT ImageJournal/controllers/default.py: 0
[2016-04-14 19:43:09] EDIT ImageJournal/controllers/default.py: 0
[2016-04-14 19:43:31] EDIT ImageJournal/controllers/default.py: 0
[2016-04-14 19:43:49] EDIT ImageJournal/views/default/user_details.html: 1
[2016-04-14 19:47:20] EDIT ImageJournal/views/default/user_details.html: 2
[2016-04-14 19:49:02] EDIT ImageJournal/views/default/user_details.html: -1
[2016-04-14 19:49:16] EDIT ImageJournal/views/default/user_details.html: 0
[2016-04-14 19:49:36] EDIT ImageJournal/views/default/user_details.html: 0
[2016-04-14 19:50:04] EDIT ImageJournal/views/default/user_details.html: 0
[2016-04-14 19:50:27] EDIT ImageJournal/controllers/default.py: 0
[2016-04-14 19:50:29] EDIT ImageJournal/controllers/default.py: 0
[2016-04-14 19:51:30] EDIT ImageJournal/controllers/default.py: 1
[2016-04-14 19:51:36] EDIT ImageJournal/controllers/default.py: 0
[2016-04-14 19:53:07] EDIT ImageJournal/views/default/user_details.html: 2
[2016-04-14 19:53:07] EDIT ImageJournal/views/default/user_details.html: 0
[2016-04-14 19:53:23] EDIT ImageJournal/views/default/user_details.html: 0
[2016-04-14 19:53:48] EDIT ImageJournal/views/default/user_details.html: 0
[2016-04-14 19:53:52] EDIT ImageJournal/views/default/user_details.html: 0
[2016-04-14 19:56:08] EDIT ImageJournal/views/default/user_details.html: 1
[2016-04-14 19:56:29] EDIT ImageJournal/views/default/user_details.html: 1
[2016-04-14 19:56:44] EDIT ImageJournal/views/default/user_details.html: 0
[2016-04-14 19:56:53] EDIT ImageJournal/views/default/user_details.html: 0
[2016-04-14 19:56:54] EDIT ImageJournal/views/default/user_details.html: 0
[2016-04-14 19:59:06] EDIT ImageJournal/views/default/user_details.html: 1
[2016-04-14 19:59:08] EDIT ImageJournal/views/default/user_details.html: 0
[2016-04-14 20:10:19] EDIT ImageJournal/views/default/user_details.html: 0
[2016-04-14 20:10:39] EDIT ImageJournal/views/default/user_details.html: 1
[2016-04-14 20:11:03] EDIT ImageJournal/views/default/user_details.html: 1
[2016-04-14 20:11:54] EDIT ImageJournal/views/default/search.html: 1
[2016-04-14 20:11:57] EDIT ImageJournal/views/default/search.html: 0
[2016-04-14 20:13:49] EDIT ImageJournal/views/default/user_details.html: 0
[2016-04-14 20:47:33] EDIT ImageJournal/views/default/user_details.html: 0
[2016-04-14 20:47:39] EDIT ImageJournal/views/default/user_details.html: 0
[2016-04-14 20:47:40] EDIT ImageJournal/views/default/user_details.html: 0
[2016-04-14 20:47:45] EDIT ImageJournal/views/default/user_details.html: 0
[2016-04-14 20:47:50] EDIT ImageJournal/views/default/user_details.html: 0
[2016-04-14 20:48:17] EDIT ImageJournal/views/default/user_details.html: 0
[2016-04-14 20:48:32] EDIT ImageJournal/views/default/user_details.html: 1
[2016-04-14 20:48:47] EDIT ImageJournal/views/default/user_details.html: 1
[2016-04-14 20:49:38] EDIT ImageJournal/views/default/timeline.html: 0
[2016-04-14 20:49:55] EDIT ImageJournal/views/default/timeline.html: 0
[2016-04-14 20:50:09] EDIT ImageJournal/views/default/timeline.html: 0
[2016-04-14 20:50:26] EDIT ImageJournal/views/default/homepage.html: 0
[2016-04-14 22:03:57] EDIT ImageJournal/views/layout.html: 0
[2016-04-14 22:05:42] EDIT ImageJournal/views/layout.html: 0
[2016-04-14 22:05:43] EDIT ImageJournal/views/layout.html: 0
[2016-04-14 22:08:12] EDIT ImageJournal/views/default/user_details.html: 0
[2016-04-14 22:08:23] EDIT ImageJournal/views/default/user_details.html: -1
[2016-04-14 22:08:23] EDIT ImageJournal/views/default/user_details.html: 0
[2016-04-14 22:08:29] EDIT ImageJournal/views/default/user_details.html: -1
[2016-04-14 22:08:55] EDIT ImageJournal/views/default/user_details.html: 1
[2016-04-14 22:09:14] EDIT ImageJournal/views/default/user_details.html: 0
[2016-04-14 22:09:14] EDIT ImageJournal/views/default/user_details.html: 0
[2016-04-14 22:10:04] EDIT ImageJournal/views/default/user_details.html: 0
[2016-04-14 22:11:45] EDIT ImageJournal/views/default/show.html: 0
[2016-04-14 22:11:53] EDIT ImageJournal/views/default/show.html: 0
[2016-04-14 22:11:59] EDIT ImageJournal/views/default/show.html: 0
[2016-04-14 22:12:06] EDIT ImageJournal/views/default/show.html: 0
[2016-04-14 22:12:13] EDIT ImageJournal/views/default/show.html: 0
[2016-04-14 22:12:20] EDIT ImageJournal/views/default/show.html: 0
[2016-04-14 22:12:34] EDIT ImageJournal/views/default/show.html: 0
[2016-04-14 22:12:39] EDIT ImageJournal/views/default/show.html: 0
[2016-04-14 22:14:24] EDIT ImageJournal/views/default/show.html: 0
[2016-04-14 22:14:29] EDIT ImageJournal/views/default/show.html: 0
[2016-04-14 22:14:33] EDIT ImageJournal/views/default/show.html: 0
[2016-04-14 22:14:40] EDIT ImageJournal/views/default/show.html: 0
[2016-04-14 22:14:44] EDIT ImageJournal/views/default/show.html: 0
[2016-04-14 22:16:09] EDIT ImageJournal/views/default/show.html: 0
[2016-04-14 22:16:33] EDIT ImageJournal/views/default/show.html: 0
[2016-04-14 22:16:34] EDIT ImageJournal/views/default/show.html: 0
[2016-04-14 22:16:45] EDIT ImageJournal/views/default/show.html: 0
[2016-04-14 22:16:59] EDIT ImageJournal/views/default/show.html: 0
[2016-04-14 22:17:23] EDIT ImageJournal/views/default/show.html: 0
[2016-04-14 22:17:39] EDIT ImageJournal/views/default/show.html: 0
[2016-04-14 22:17:55] EDIT ImageJournal/views/default/show.html: 0
[2016-04-14 22:18:07] EDIT ImageJournal/views/default/show.html: 0
[2016-04-14 22:18:20] EDIT ImageJournal/views/default/show.html: 0
[2016-04-14 22:18:53] EDIT ImageJournal/views/default/user_details.html: 0
[2016-04-14 22:18:53] EDIT ImageJournal/views/default/user_details.html: 0
[2016-04-14 22:18:53] EDIT ImageJournal/views/default/user_details.html: 0
[2016-04-14 22:19:13] EDIT ImageJournal/views/default/user_details.html: 0
[2016-04-14 22:19:13] EDIT ImageJournal/views/default/user_details.html: 0
[2016-04-14 22:19:14] EDIT ImageJournal/views/default/user_details.html: 0
[2016-04-14 22:19:14] EDIT ImageJournal/views/default/user_details.html: 0
[2016-04-14 22:20:07] EDIT ImageJournal/views/default/user_details.html: 0
[2016-04-14 22:20:57] EDIT ImageJournal/views/default/user_details.html: 0
[2016-04-14 22:21:12] EDIT ImageJournal/views/default/user_details.html: 0
[2016-04-14 22:22:14] EDIT ImageJournal/views/default/user_details.html: 0
[2016-04-14 22:22:15] EDIT ImageJournal/views/default/user_details.html: 0
[2016-04-14 22:22:15] EDIT ImageJournal/views/default/user_details.html: 0
[2016-04-14 22:22:15] EDIT ImageJournal/views/default/user_details.html: 0
[2016-04-14 22:22:45] EDIT ImageJournal/views/default/show.html: 0
[2016-04-14 22:26:27] EDIT ImageJournal/views/default/show.html: 0
[2016-04-14 22:26:40] EDIT ImageJournal/views/default/user_details.html: -2
[2016-04-14 22:26:55] EDIT ImageJournal/views/default/user_details.html: 2
[2016-04-14 22:26:58] EDIT ImageJournal/views/default/user_details.html: 0
[2016-04-14 22:27:14] EDIT ImageJournal/views/default/user_details.html: 0
[2016-04-14 22:28:30] EDIT ImageJournal/views/default/show.html: 0
[2016-04-14 22:28:31] EDIT ImageJournal/views/default/show.html: 0
[2016-04-14 22:28:37] EDIT ImageJournal/views/default/show.html: 0
[2016-04-14 22:28:57] EDIT ImageJournal/views/default/user_details.html: 0
[2016-04-14 22:29:00] EDIT ImageJournal/views/default/user_details.html: 0
[2016-04-14 22:29:30] EDIT ImageJournal/views/default/user_details.html: 0
[2016-04-14 22:29:42] EDIT ImageJournal/views/default/user_details.html: 0
[2016-04-14 22:29:51] EDIT ImageJournal/views/default/user_details.html: 1
[2016-04-14 22:29:51] EDIT ImageJournal/views/default/user_details.html: 0
[2016-04-14 22:29:59] EDIT ImageJournal/views/default/user_details.html: -1
[2016-04-14 22:30:12] EDIT ImageJournal/views/default/user_details.html: 0
[2016-04-14 22:30:23] EDIT ImageJournal/views/default/user_details.html: 0
[2016-04-14 22:30:23] EDIT ImageJournal/views/default/user_details.html: 0
[2016-04-14 22:31:00] EDIT ImageJournal/views/default/show.html: 0
[2016-04-14 22:31:05] EDIT ImageJournal/views/default/show.html: 0
[2016-04-14 22:31:16] EDIT ImageJournal/views/default/show.html: 0
[2016-04-14 22:31:22] EDIT ImageJournal/views/default/show.html: 0
[2016-04-14 22:31:24] EDIT ImageJournal/views/default/show.html: 0
[2016-04-14 22:31:43] EDIT ImageJournal/views/default/show.html: 0
[2016-04-14 22:32:22] EDIT ImageJournal/views/default/show.html: 0
[2016-04-14 22:32:32] EDIT ImageJournal/views/default/user_details.html: 0
[2016-04-14 22:33:26] EDIT ImageJournal/views/default/user_details.html: 4
[2016-04-14 22:33:31] EDIT ImageJournal/views/default/user_details.html: 1
[2016-04-14 22:33:43] EDIT ImageJournal/views/default/user_details.html: 0
[2016-04-14 22:33:47] EDIT ImageJournal/views/default/user_details.html: 0
[2016-04-14 22:33:56] EDIT ImageJournal/views/default/user_details.html: 0
[2016-04-14 22:34:07] EDIT ImageJournal/views/default/user_details.html: 0
[2016-04-14 22:34:08] EDIT ImageJournal/views/default/user_details.html: 0
[2016-04-14 22:34:27] EDIT ImageJournal/views/default/user_details.html: 0
[2016-04-14 22:34:36] EDIT ImageJournal/views/default/user_details.html: 0
[2016-04-14 22:34:57] EDIT ImageJournal/views/default/user_details.html: 0
[2016-04-14 22:35:08] EDIT ImageJournal/views/default/user_details.html: 0
[2016-04-14 22:35:45] EDIT ImageJournal/views/default/user_details.html: 0
[2016-04-14 22:35:45] EDIT ImageJournal/views/default/user_details.html: 0
[2016-04-14 22:36:07] EDIT ImageJournal/views/default/user_details.html: -1
[2016-04-14 22:36:10] EDIT ImageJournal/views/default/user_details.html: -1
[2016-04-14 22:36:23] EDIT ImageJournal/views/default/user_details.html: 2
[2016-04-14 22:36:40] EDIT ImageJournal/views/default/user_details.html: 0
[2016-04-14 22:36:50] EDIT ImageJournal/views/default/user_details.html: 0
[2016-04-14 22:37:16] EDIT ImageJournal/views/default/user_details.html: 0
[2016-04-14 22:37:19] EDIT ImageJournal/views/default/user_details.html: 0
[2016-04-14 22:37:36] EDIT ImageJournal/views/default/user_details.html: 0
[2016-04-14 22:37:59] EDIT ImageJournal/views/default/user_details.html: 0
[2016-04-14 22:38:04] EDIT ImageJournal/views/default/user_details.html: 0
[2016-04-14 22:38:13] EDIT ImageJournal/views/default/user_details.html: 0
[2016-04-14 22:38:22] EDIT ImageJournal/views/default/user_details.html: 0
[2016-04-14 22:38:29] EDIT ImageJournal/views/default/user_details.html: 0
[2016-04-14 22:38:34] EDIT ImageJournal/views/default/user_details.html: 0
[2016-04-14 22:38:39] EDIT ImageJournal/views/default/user_details.html: 0
[2016-04-14 22:38:43] EDIT ImageJournal/views/default/user_details.html: 0
[2016-04-14 22:38:46] EDIT ImageJournal/views/default/user_details.html: 0
[2016-04-14 22:38:51] EDIT ImageJournal/views/default/user_details.html: 0
[2016-04-14 22:38:56] EDIT ImageJournal/views/default/user_details.html: 0
[2016-04-14 22:39:00] EDIT ImageJournal/views/default/user_details.html: 0
[2016-04-14 22:39:04] EDIT ImageJournal/views/default/user_details.html: 0
[2016-04-14 22:39:09] EDIT ImageJournal/views/default/user_details.html: 0
[2016-04-14 22:39:22] EDIT ImageJournal/views/default/user_details.html: 0
[2016-04-14 22:41:55] EDIT ImageJournal/views/default/user_details.html: 0
[2016-04-14 22:42:11] EDIT ImageJournal/views/default/user_details.html: 0
[2016-04-14 22:44:50] EDIT ImageJournal/models/menu.py: -2
[2016-04-14 22:44:55] EDIT ImageJournal/models/menu.py: 2
[2016-04-15 13:31:02] EDIT ImageJournal/views/default/search.html: 0
[2016-04-15 13:31:03] EDIT ImageJournal/views/default/search.html: 0
[2016-04-15 13:32:53] EDIT ImageJournal/models/menu.py: -1
[2016-04-15 13:33:06] EDIT ImageJournal/models/menu.py: 1
[2016-04-15 13:33:06] EDIT ImageJournal/models/menu.py: 0
[2016-04-15 13:33:07] EDIT ImageJournal/models/menu.py: 0
[2016-04-15 13:33:12] EDIT ImageJournal/models/menu.py: -2
[2016-04-15 13:33:14] EDIT ImageJournal/models/menu.py: 0
[2016-04-15 13:34:27] EDIT ImageJournal/views/layout.html: -1
[2016-04-15 13:34:31] EDIT ImageJournal/views/layout.html: 1
[2016-04-15 13:52:10] EDIT ImageJournal/views/layout.html: 3
[2016-04-15 13:52:22] EDIT ImageJournal/views/layout.html: 2
[2016-04-15 13:52:49] EDIT ImageJournal/views/layout.html: 1
[2016-04-15 13:53:28] EDIT ImageJournal/views/layout.html: 0
[2016-04-15 13:53:51] EDIT ImageJournal/views/layout.html: -1
[2016-04-15 13:53:59] EDIT ImageJournal/views/layout.html: 1
[2016-04-15 13:54:00] EDIT ImageJournal/views/layout.html: 0
[2016-04-15 13:54:19] EDIT ImageJournal/views/layout.html: 0
[2016-04-15 13:54:26] EDIT ImageJournal/views/layout.html: 0
[2016-04-15 13:54:26] EDIT ImageJournal/views/layout.html: 0
[2016-04-15 13:58:57] EDIT ImageJournal/views/layout.html: 0
[2016-04-15 13:59:10] EDIT ImageJournal/views/layout.html: -6
[2016-04-15 14:27:51] EDIT ImageJournal/models/menu.py: 1
[2016-04-15 14:29:05] EDIT ImageJournal/views/default/search.html: 2
[2016-04-15 14:29:19] EDIT ImageJournal/views/default/search.html: 0
[2016-04-15 14:30:08] EDIT ImageJournal/views/default/search.html: 0
[2016-04-15 14:30:08] EDIT ImageJournal/views/default/search.html: 0
[2016-04-15 14:30:19] EDIT ImageJournal/views/default/search.html: 0
[2016-04-15 14:30:19] EDIT ImageJournal/views/default/search.html: 0
[2016-04-15 14:30:48] EDIT ImageJournal/views/default/search.html: 0
[2016-04-15 14:30:49] EDIT ImageJournal/views/default/search.html: 0
[2016-04-15 14:30:49] EDIT ImageJournal/views/default/search.html: 0
[2016-04-15 14:30:55] EDIT ImageJournal/views/default/search.html: 0
[2016-04-15 14:31:04] EDIT ImageJournal/models/menu.py: 0
[2016-04-15 14:54:46] EDIT ImageJournal/controllers/default.py: 4
[2016-04-15 14:56:14] EDIT ImageJournal/views/default/show.html: 2
[2016-04-15 14:58:31] EDIT ImageJournal/views/default/show.html: 1
[2016-04-15 14:59:40] EDIT ImageJournal/views/default/show.html: 0
[2016-04-15 15:00:24] EDIT ImageJournal/views/default/show.html: 0
[2016-04-15 15:00:43] EDIT ImageJournal/views/default/show.html: 0
[2016-04-15 15:01:19] EDIT ImageJournal/views/default/show.html: 0
[2016-04-15 15:01:33] EDIT ImageJournal/views/default/show.html: 2
[2016-04-15 15:02:39] EDIT ImageJournal/controllers/default.py: 1
[2016-04-15 15:03:06] EDIT ImageJournal/controllers/default.py: 0
[2016-04-15 15:06:24] EDIT ImageJournal/views/default/show.html: 2
[2016-04-15 15:07:33] EDIT ImageJournal/views/default/show.html: 12
[2016-04-15 15:08:04] EDIT ImageJournal/views/default/show.html: 0
[2016-04-15 15:08:08] EDIT ImageJournal/views/default/show.html: 0
[2016-04-15 15:08:25] EDIT ImageJournal/views/default/show.html: 0
[2016-04-15 15:09:39] EDIT ImageJournal/views/default/show.html: 0
[2016-04-15 15:13:00] EDIT ImageJournal/views/default/show.html: 0
[2016-04-15 15:14:11] EDIT ImageJournal/views/default/show.html: 15
[2016-04-15 15:14:11] EDIT ImageJournal/views/default/show.html: 0
[2016-04-15 15:15:14] EDIT ImageJournal/views/default/show.html: 0
[2016-04-15 15:16:06] EDIT ImageJournal/views/default/show.html: 0
[2016-04-15 15:16:06] EDIT ImageJournal/views/default/show.html: 0
[2016-04-15 15:16:39] EDIT ImageJournal/views/default/show.html: 0
[2016-04-15 15:16:52] EDIT ImageJournal/views/default/show.html: 0
[2016-04-15 15:17:21] EDIT ImageJournal/views/default/show.html: 0
[2016-04-15 15:17:21] EDIT ImageJournal/views/default/show.html: 0
[2016-04-15 15:17:21] EDIT ImageJournal/views/default/show.html: 0
[2016-04-15 15:17:36] EDIT ImageJournal/views/default/show.html: 0
[2016-04-15 15:18:50] EDIT ImageJournal/views/default/show.html: 0
[2016-04-15 15:19:18] EDIT ImageJournal/views/default/show.html: 0
[2016-04-15 15:28:27] EDIT ImageJournal/views/default/show.html: 0
[2016-04-15 15:31:29] EDIT ImageJournal/static/css/web2py-bootstrap3.css: 3
[2016-04-15 15:31:47] EDIT ImageJournal/static/css/web2py-bootstrap3.css: 0
[2016-04-15 15:33:31] EDIT ImageJournal/views/default/show.html: 0
[2016-04-15 15:33:31] EDIT ImageJournal/views/default/show.html: 0
[2016-04-15 15:33:42] EDIT ImageJournal/static/css/web2py-bootstrap3.css: 0
[2016-04-15 15:33:43] EDIT ImageJournal/static/css/web2py-bootstrap3.css: 0
[2016-04-15 15:34:00] EDIT ImageJournal/static/css/web2py-bootstrap3.css: 0
[2016-04-15 15:34:44] EDIT ImageJournal/static/css/web2py-bootstrap3.css: 0
[2016-04-15 15:35:27] EDIT ImageJournal/views/default/show.html: 0
[2016-04-15 15:37:22] EDIT ImageJournal/views/default/show.html: 0
[2016-04-15 15:51:39] EDIT ImageJournal/views/default/show.html: -32
[2016-04-15 15:54:44] EDIT ImageJournal/views/default/show.html: 5
[2016-04-15 16:00:15] EDIT ImageJournal/views/default/show.html: 1
[2016-04-15 16:03:07] EDIT ImageJournal/views/default/show.html: 2
[2016-04-15 16:04:42] EDIT ImageJournal/views/default/show.html: 0
[2016-04-15 16:05:40] EDIT ImageJournal/views/default/show.html: 1
[2016-04-15 16:06:31] EDIT ImageJournal/views/default/show.html: 4
[2016-04-15 16:13:29] EDIT ImageJournal/views/default/show.html: 0
[2016-04-15 16:13:44] EDIT ImageJournal/views/default/show.html: 0
[2016-04-15 16:15:21] EDIT ImageJournal/controllers/default.py: 1
[2016-04-15 16:15:46] EDIT ImageJournal/controllers/default.py: 0
[2016-04-15 16:16:56] EDIT ImageJournal/models/db.py: 0
[2016-04-15 16:36:21] EDIT ImageJournal/controllers/default.py: 33
[2016-04-15 16:53:54] EDIT ImageJournal/controllers/default.py: 27
[2016-04-15 16:53:55] EDIT ImageJournal/controllers/default.py: 0
[2016-04-15 16:54:47] EDIT ImageJournal/views/default/show.html: 0
[2016-04-15 16:54:48] EDIT ImageJournal/views/default/show.html: 0
[2016-04-15 16:54:48] EDIT ImageJournal/views/default/show.html: 0
[2016-04-15 16:54:49] EDIT ImageJournal/views/default/show.html: 0
[2016-04-15 16:54:49] EDIT ImageJournal/views/default/show.html: 0
[2016-04-15 16:54:50] EDIT ImageJournal/views/default/show.html: 0
[2016-04-15 16:55:02] EDIT ImageJournal/views/default/show.html: 0
[2016-04-15 16:55:02] EDIT ImageJournal/views/default/show.html: 0
[2016-04-15 16:56:24] EDIT ImageJournal/views/default/show.html: 0
[2016-04-15 17:01:43] EDIT ImageJournal/views/default/show.html: 0
[2016-04-15 17:08:15] EDIT ImageJournal/views/default/show.html: 0
[2016-04-15 17:11:10] EDIT ImageJournal/views/default/show.html: 0
[2016-04-15 17:11:11] EDIT ImageJournal/views/default/show.html: 0
[2016-04-15 17:12:37] EDIT ImageJournal/views/default/show.html: 0
[2016-04-15 17:15:10] EDIT ImageJournal/views/default/show.html: 0
[2016-04-15 17:15:10] EDIT ImageJournal/views/default/show.html: 0
[2016-04-15 17:15:44] EDIT ImageJournal/views/default/show.html: -1
[2016-04-15 17:15:45] EDIT ImageJournal/views/default/show.html: 0
[2016-04-15 17:16:47] EDIT ImageJournal/controllers/default.py: 1
[2016-04-15 17:16:47] EDIT ImageJournal/controllers/default.py: 0
[2016-04-15 17:29:53] EDIT ImageJournal/views/default/show.html: 0
[2016-04-15 17:29:53] EDIT ImageJournal/views/default/show.html: 0
[2016-04-15 17:30:19] EDIT ImageJournal/views/default/show.html: 0
[2016-04-15 17:33:18] EDIT ImageJournal/controllers/default.py: -1
[2016-04-15 17:33:19] EDIT ImageJournal/controllers/default.py: 0
[2016-04-15 17:35:40] EDIT ImageJournal/views/default/show.html: 0
[2016-04-15 17:35:40] EDIT ImageJournal/views/default/show.html: 0
[2016-04-15 17:38:05] EDIT ImageJournal/views/default/show.html: 0
[2016-04-15 17:38:06] EDIT ImageJournal/views/default/show.html: 0
[2016-04-15 17:38:50] EDIT ImageJournal/views/default/show.html: 0
[2016-04-15 17:38:51] EDIT ImageJournal/views/default/show.html: 0
[2016-04-15 17:38:51] EDIT ImageJournal/views/default/show.html: 0
[2016-04-15 17:38:51] EDIT ImageJournal/views/default/show.html: 0
[2016-04-15 17:38:51] EDIT ImageJournal/views/default/show.html: 0
[2016-04-15 17:38:51] EDIT ImageJournal/views/default/show.html: 0
[2016-04-15 17:38:52] EDIT ImageJournal/views/default/show.html: 0
[2016-04-15 17:38:52] EDIT ImageJournal/views/default/show.html: 0
[2016-04-15 17:41:18] EDIT ImageJournal/controllers/default.py: 0
[2016-04-15 17:41:18] EDIT ImageJournal/controllers/default.py: 0
[2016-04-15 17:44:52] EDIT ImageJournal/controllers/default.py: 0
[2016-04-15 17:44:53] EDIT ImageJournal/controllers/default.py: 0
[2016-04-15 17:44:53] EDIT ImageJournal/controllers/default.py: 0
[2016-04-15 18:05:36] EDIT ImageJournal/views/default/show.html: 1
[2016-04-15 18:05:36] EDIT ImageJournal/views/default/show.html: 0
[2016-04-15 18:05:36] EDIT ImageJournal/views/default/show.html: 0
[2016-04-15 18:13:06] EDIT ImageJournal/views/default/show.html: -1
[2016-04-15 18:13:07] EDIT ImageJournal/views/default/show.html: 0
[2016-04-15 18:16:01] EDIT ImageJournal/controllers/default.py: -59
[2016-04-15 18:16:01] EDIT ImageJournal/controllers/default.py: 0
[2016-04-15 18:16:17] EDIT ImageJournal/controllers/default.py: 59
[2016-04-15 18:16:17] EDIT ImageJournal/controllers/default.py: 0
[2016-04-15 18:16:17] EDIT ImageJournal/controllers/default.py: 0
[2016-04-15 18:16:55] EDIT ImageJournal/controllers/default.py: 0
[2016-04-15 18:16:55] EDIT ImageJournal/controllers/default.py: 0
[2016-04-15 18:16:55] EDIT ImageJournal/controllers/default.py: 0
[2016-04-15 18:20:09] EDIT ImageJournal/controllers/default.py: 0
[2016-04-15 18:20:09] EDIT ImageJournal/controllers/default.py: 0
[2016-04-15 18:22:19] EDIT ImageJournal/controllers/default.py: 0
[2016-04-15 18:22:19] EDIT ImageJournal/controllers/default.py: 0
[2016-04-15 18:30:40] EDIT ImageJournal/controllers/default.py: 0
[2016-04-15 18:30:40] EDIT ImageJournal/controllers/default.py: 0
[2016-04-15 18:33:34] EDIT ImageJournal/views/default/show.html: 4
[2016-04-15 18:33:34] EDIT ImageJournal/views/default/show.html: 0
[2016-04-15 18:34:51] EDIT ImageJournal/controllers/default.py: 1
[2016-04-15 18:34:51] EDIT ImageJournal/controllers/default.py: 0
[2016-04-15 18:36:41] EDIT ImageJournal/controllers/default.py: -1
[2016-04-15 18:36:42] EDIT ImageJournal/controllers/default.py: 0
[2016-04-15 18:37:15] EDIT ImageJournal/controllers/default.py: 1
[2016-04-15 18:37:15] EDIT ImageJournal/controllers/default.py: 0
[2016-04-15 18:37:40] EDIT ImageJournal/controllers/default.py: 0
[2016-04-15 18:37:43] EDIT ImageJournal/controllers/default.py: 0
[2016-04-15 18:37:48] EDIT ImageJournal/controllers/default.py: 0
[2016-04-15 18:37:56] EDIT ImageJournal/controllers/default.py: 0
[2016-04-15 18:37:57] EDIT ImageJournal/controllers/default.py: 0
[2016-04-15 18:44:10] EDIT ImageJournal/views/default/show.html: 56
[2016-04-15 18:44:15] EDIT ImageJournal/views/default/show.html: 0
[2016-04-15 18:44:42] EDIT ImageJournal/views/default/show.html: 0
[2016-04-15 18:44:51] EDIT ImageJournal/views/default/show.html: 0
[2016-04-15 18:45:10] EDIT ImageJournal/views/default/show.html: 0
[2016-04-15 18:45:27] EDIT ImageJournal/views/default/show.html: 0
[2016-04-15 18:45:54] EDIT ImageJournal/views/default/show.html: 0
[2016-04-15 18:46:12] EDIT ImageJournal/views/default/show.html: 0
[2016-04-15 18:47:56] EDIT ImageJournal/controllers/default.py: 0
[2016-04-15 18:47:59] EDIT ImageJournal/controllers/default.py: 0
[2016-04-15 18:48:32] EDIT ImageJournal/views/default/show.html: 0
[2016-04-15 18:48:51] EDIT ImageJournal/views/default/show.html: 0
[2016-04-15 18:48:51] EDIT ImageJournal/views/default/show.html: 0
[2016-04-15 18:49:16] EDIT ImageJournal/views/default/show.html: 0
[2016-04-15 18:50:46] EDIT ImageJournal/views/default/show.html: 0
[2016-04-15 18:50:46] EDIT ImageJournal/views/default/show.html: 0
[2016-04-15 18:51:52] EDIT ImageJournal/views/default/show.html: 0
[2016-04-15 18:57:25] EDIT ImageJournal/controllers/default.py: -45
[2016-04-15 18:57:53] EDIT ImageJournal/controllers/default.py: -1
[2016-04-15 18:59:22] EDIT ImageJournal/views/default/show.html: 0
[2016-04-15 19:03:28] EDIT ImageJournal/views/default/show.html: 0
[2016-04-15 19:03:28] EDIT ImageJournal/views/default/show.html: 0
[2016-04-15 19:03:39] EDIT ImageJournal/views/default/show.html: 0
[2016-04-15 19:07:20] EDIT ImageJournal/controllers/default.py: 42
[2016-04-15 19:09:45] EDIT ImageJournal/controllers/default.py: 42
[2016-04-15 19:09:45] EDIT ImageJournal/controllers/default.py: 0
[2016-04-15 19:18:06] EDIT ImageJournal/views/default/show.html: 0
[2016-04-15 19:18:42] EDIT ImageJournal/views/default/show.html: 0
[2016-04-15 19:19:02] EDIT ImageJournal/views/default/show.html: 0
[2016-04-15 19:19:13] EDIT ImageJournal/views/default/show.html: 0
[2016-04-15 19:19:38] EDIT ImageJournal/views/default/show.html: 0
[2016-04-15 19:19:59] EDIT ImageJournal/views/default/show.html: 0
[2016-04-15 19:21:18] EDIT ImageJournal/views/default/show.html: 0
[2016-04-15 19:21:46] EDIT ImageJournal/views/default/show.html: 0
[2016-04-15 19:23:25] EDIT ImageJournal/static/css/web2py-bootstrap3.css: 2
[2016-04-15 19:23:46] EDIT ImageJournal/static/css/web2py-bootstrap3.css: -5
[2016-04-15 19:25:22] EDIT ImageJournal/views/default/show.html: 0
[2016-04-15 19:25:47] EDIT ImageJournal/views/default/show.html: 0
[2016-04-15 19:26:54] EDIT ImageJournal/views/default/show.html: 0
[2016-04-15 19:28:56] EDIT ImageJournal/views/default/show.html: 0
[2016-04-15 19:30:39] EDIT ImageJournal/views/default/show.html: 0
[2016-04-15 19:30:39] EDIT ImageJournal/views/default/show.html: 0
[2016-04-15 19:31:51] EDIT ImageJournal/views/default/show.html: 8
[2016-04-15 19:32:43] EDIT ImageJournal/views/default/show.html: 0
[2016-04-15 19:33:07] EDIT ImageJournal/views/default/show.html: 0
[2016-04-15 19:33:32] EDIT ImageJournal/views/default/show.html: 0
[2016-04-15 19:33:49] EDIT ImageJournal/views/default/show.html: 0
[2016-04-15 19:34:51] EDIT ImageJournal/views/default/show.html: 0
[2016-04-15 19:34:51] EDIT ImageJournal/views/default/show.html: 0
[2016-04-15 19:35:28] EDIT ImageJournal/views/default/show.html: 0
[2016-04-15 19:35:52] EDIT ImageJournal/views/default/show.html: 0
[2016-04-15 19:36:07] EDIT ImageJournal/views/default/show.html: 0
[2016-04-15 19:36:23] EDIT ImageJournal/views/default/show.html: 0
[2016-04-15 19:37:06] EDIT ImageJournal/views/default/show.html: 0
[2016-04-15 19:37:07] EDIT ImageJournal/views/default/show.html: 0
